<?xml version="1.0" encoding="UTF-8"?>
<!-- Generated by org.testng.reporters.JUnitReportReporter -->
<testsuite hostname="Manus-MacBook-Pro.local" failures="0" tests="1" name="shravang.Tests.ErrorHandling" time="12.066" errors="0" timestamp="2023-12-02T01:23:10 IST" skipped="0">
  <testcase classname="shravang.Tests.ErrorHandling" name="submitOrder" time="12.066"/>
</testsuite> <!-- shravang.Tests.ErrorHandling -->
