<?xml version="1.0" encoding="UTF-8"?>
<!-- Generated by org.testng.reporters.JUnitReportReporter -->
<testsuite hostname="Manus-MacBook-Pro.local" failures="0" tests="3" name="shravang.Data.dataProvide" time="0.035" errors="0" timestamp="27 Dec 2023 12:01:55 GMT">
  <testcase classname="shravang.Data.dataProvide" name="testCaseData" time="0.006"/>
  <testcase classname="shravang.Data.dataProvide" name="testCaseData" time="0.002"/>
  <testcase classname="shravang.Data.dataProvide" name="testCaseData" time="0.027"/>
</testsuite> <!-- shravang.Data.dataProvide -->
