<?xml version="1.0" encoding="UTF-8"?>
<!-- Generated by org.testng.reporters.JUnitReportReporter -->
<testsuite hostname="Manus-MacBook-Pro.local" failures="0" tests="3" name="shravang.Tests.StandAloneTest" time="56.761" errors="0" timestamp="14 Dec 2023 06:20:47 GMT">
  <testcase classname="shravang.Tests.StandAloneTest" name="submitOrder" time="22.146"/>
  <testcase classname="shravang.Tests.StandAloneTest" name="submitOrder" time="27.596"/>
  <testcase classname="shravang.Tests.StandAloneTest" name="OrderHistoryTest" time="7.019"/>
</testsuite> <!-- shravang.Tests.StandAloneTest -->
